#
# There is insufficient memory for the Java Runtime Environment to continue.
# Native memory allocation (malloc) failed to allocate 1048576 bytes. Error detail: AllocateHeap
# Possible reasons:
#   The system is out of physical RAM or swap space
#   This process is running with CompressedOops enabled, and the Java Heap may be blocking the growth of the native heap
# Possible solutions:
#   Reduce memory load on the system
#   Increase physical memory or swap space
#   Check if swap backing store is full
#   Decrease Java heap size (-Xmx/-Xms)
#   Decrease number of Java threads
#   Decrease Java thread stack sizes (-Xss)
#   Set larger code cache with -XX:ReservedCodeCacheSize=
#   JVM is running with Unscaled Compressed Oops mode in which the Java heap is
#     placed in the first 4GB address space. The Java Heap base address is the
#     maximum limit for the native heap growth. Please use -XX:HeapBaseMinAddress
#     to set the Java Heap base and to place the Java Heap above 4GB virtual address.
# This output file may be truncated or incomplete.
#
#  Out of Memory Error (allocation.cpp:44), pid=16016, tid=15948
#
# JRE version: OpenJDK Runtime Environment Temurin-21.0.10+7 (21.0.10+7) (build 21.0.10+7-LTS)
# Java VM: OpenJDK 64-Bit Server VM Temurin-21.0.10+7 (21.0.10+7-LTS, mixed mode, sharing, tiered, compressed oops, compressed class ptrs, parallel gc, windows-amd64)
# No core dump will be written. Minidumps are not enabled by default on client versions of Windows
#

---------------  S U M M A R Y ------------

Command Line: --add-modules=ALL-SYSTEM --add-opens=java.base/java.util=ALL-UNNAMED --add-opens=java.base/java.lang=ALL-UNNAMED --add-opens=java.base/sun.nio.fs=ALL-UNNAMED -Declipse.application=org.eclipse.jdt.ls.core.id1 -Dosgi.bundles.defaultStartLevel=4 -Declipse.product=org.eclipse.jdt.ls.core.product -Djava.import.generatesMetadataFilesAtProjectRoot=false -DDetectVMInstallationsJob.disabled=true -Dfile.encoding=utf8 -XX:+UseParallelGC -XX:GCTimeRatio=4 -XX:AdaptiveSizePolicyWeight=90 -Dsun.zip.disableMemoryMapping=true -Xmx2G -Xms100m -Xlog:disable -javaagent:c:\Users\AFTERSHOCK\.vscode\extensions\redhat.java-1.53.0-win32-x64\lombok\lombok-1.18.39-4050.jar -XX:+HeapDumpOnOutOfMemoryError -XX:HeapDumpPath=c:\Users\AFTERSHOCK\AppData\Roaming\Code\User\workspaceStorage\7e6ffaf7e5e36383046316e38c8b3cb9\redhat.java -Daether.dependencyCollector.impl=bf c:\Users\AFTERSHOCK\.vscode\extensions\redhat.java-1.53.0-win32-x64\server\plugins\org.eclipse.equinox.launcher_1.7.100.v20251111-0406.jar -configuration c:\Users\AFTERSHOCK\AppData\Roaming\Code\User\globalStorage\redhat.java\1.53.0\config_win -data c:\Users\AFTERSHOCK\AppData\Roaming\Code\User\workspaceStorage\7e6ffaf7e5e36383046316e38c8b3cb9\redhat.java\jdt_ws --pipe=\\.\pipe\lsp-c6e52d73bcc09df1d044c609c5413bfe-sock

Host: Intel(R) Core(TM) i7-9750H CPU @ 2.60GHz, 12 cores, 15G,  Windows 11 , 64 bit Build 26100 (10.0.26100.7705)
Time: Wed Mar  4 19:02:50 2026 SE Asia Standard Time elapsed time: 28981.657980 seconds (0d 8h 3m 1s)

---------------  T H R E A D  ---------------

Current thread (0x000002721b42e230):  JavaThread "Attach Listener" daemon [_thread_in_vm, id=15948, stack(0x000000f22a400000,0x000000f22a500000) (1024K)]

Stack: [0x000000f22a400000,0x000000f22a500000]
Native frames: (J=compiled Java code, j=interpreted, Vv=VM code, C=native code)
V  [jvm.dll+0x6d7a39]
V  [jvm.dll+0x8b4b26]
V  [jvm.dll+0x8b70de]
V  [jvm.dll+0x8b77c3]
V  [jvm.dll+0x284346]
V  [jvm.dll+0xc1277]
V  [jvm.dll+0x6d82e9]
V  [jvm.dll+0x1334a6]
V  [jvm.dll+0x3f857e]
V  [jvm.dll+0x85f59d]
V  [jvm.dll+0x6d626d]
C  [ucrtbase.dll+0x37b0]
C  [KERNEL32.DLL+0x2e8d7]
C  [ntdll.dll+0x8c40c]


---------------  P R O C E S S  ---------------

Threads class SMR info:
_java_thread_list=0x000002727a7eb1a0, length=39, elements={
0x000002721b47d840, 0x000002721b5233d0, 0x000002721b42c970, 0x000002721b42d5d0,
0x000002721b42e230, 0x000002721b525fe0, 0x000002721b528a50, 0x000002721b5297e0,
0x000002721b533980, 0x000002727445e430, 0x0000027274598e70, 0x00000272757ff270,
0x000002727a13ba80, 0x00000272759ac760, 0x00000272759c8020, 0x000002727a0d4d20,
0x000002727a36e580, 0x00000272754bd870, 0x00000272754864e0, 0x0000027275483d80,
0x0000027275484aa0, 0x000002727c1b3c30, 0x000002727c1b5d00, 0x000002727c1b4fe0,
0x000002727c1b5670, 0x000002727c1b42c0, 0x000002727c1b4950, 0x000002727c1b2880,
0x000002727c1b6390, 0x000002727c1b2f10, 0x000002727c1b6a20, 0x000002727c1b35a0,
0x000002727c1b70b0, 0x000002727c1b7740, 0x000002727c1b8460, 0x000002727c1b7dd0,
0x000002727c1b9810, 0x000002727c1b8af0, 0x000002727537c430
}

Java Threads: ( => current thread )
  0x000002721b47d840 JavaThread "main"                              [_thread_blocked, id=6796, stack(0x000000f229d00000,0x000000f229e00000) (1024K)]
  0x000002721b5233d0 JavaThread "Reference Handler"          daemon [_thread_blocked, id=16052, stack(0x000000f22a100000,0x000000f22a200000) (1024K)]
  0x000002721b42c970 JavaThread "Finalizer"                  daemon [_thread_blocked, id=2256, stack(0x000000f22a200000,0x000000f22a300000) (1024K)]
  0x000002721b42d5d0 JavaThread "Signal Dispatcher"          daemon [_thread_blocked, id=7732, stack(0x000000f22a300000,0x000000f22a400000) (1024K)]
=>0x000002721b42e230 JavaThread "Attach Listener"            daemon [_thread_in_vm, id=15948, stack(0x000000f22a400000,0x000000f22a500000) (1024K)]
  0x000002721b525fe0 JavaThread "Service Thread"             daemon [_thread_blocked, id=8444, stack(0x000000f22a500000,0x000000f22a600000) (1024K)]
  0x000002721b528a50 JavaThread "Monitor Deflation Thread"   daemon [_thread_blocked, id=9320, stack(0x000000f22a600000,0x000000f22a700000) (1024K)]
  0x000002721b5297e0 JavaThread "C2 CompilerThread0"         daemon [_thread_blocked, id=13876, stack(0x000000f22a700000,0x000000f22a800000) (1024K)]
  0x000002721b533980 JavaThread "C1 CompilerThread0"         daemon [_thread_blocked, id=15600, stack(0x000000f22a800000,0x000000f22a900000) (1024K)]
  0x000002727445e430 JavaThread "Common-Cleaner"             daemon [_thread_blocked, id=15588, stack(0x000000f22a900000,0x000000f22aa00000) (1024K)]
  0x0000027274598e70 JavaThread "Notification Thread"        daemon [_thread_blocked, id=16436, stack(0x000000f22aa00000,0x000000f22ab00000) (1024K)]
  0x00000272757ff270 JavaThread "Active Thread: Equinox Container: c397eb4d-1658-4654-9a0e-1b3138f9b2ca"        [_thread_blocked, id=17016, stack(0x000000f22ab00000,0x000000f22ac00000) (1024K)]
  0x000002727a13ba80 JavaThread "Refresh Thread: Equinox Container: c397eb4d-1658-4654-9a0e-1b3138f9b2ca" daemon [_thread_blocked, id=17096, stack(0x000000f22b300000,0x000000f22b400000) (1024K)]
  0x00000272759ac760 JavaThread "Framework Event Dispatcher: Equinox Container: c397eb4d-1658-4654-9a0e-1b3138f9b2ca" daemon [_thread_blocked, id=17112, stack(0x000000f22b400000,0x000000f22b500000) (1024K)]
  0x00000272759c8020 JavaThread "Start Level: Equinox Container: c397eb4d-1658-4654-9a0e-1b3138f9b2ca" daemon [_thread_blocked, id=17124, stack(0x000000f22b500000,0x000000f22b600000) (1024K)]
  0x000002727a0d4d20 JavaThread "Bundle File Closer"         daemon [_thread_blocked, id=17280, stack(0x000000f22ba00000,0x000000f22bb00000) (1024K)]
  0x000002727a36e580 JavaThread "SCR Component Actor"        daemon [_thread_blocked, id=12056, stack(0x000000f22b600000,0x000000f22b700000) (1024K)]
  0x00000272754bd870 JavaThread "Worker-JM"                         [_thread_blocked, id=4560, stack(0x000000f22b700000,0x000000f22b800000) (1024K)]
  0x00000272754864e0 JavaThread "JNA Cleaner"                daemon [_thread_blocked, id=11884, stack(0x000000f22bb00000,0x000000f22bc00000) (1024K)]
  0x0000027275483d80 JavaThread "Worker-3"                          [_thread_blocked, id=16524, stack(0x000000f22bf00000,0x000000f22c000000) (1024K)]
  0x0000027275484aa0 JavaThread "Java indexing"              daemon [_thread_blocked, id=6148, stack(0x000000f22c200000,0x000000f22c300000) (1024K)]
  0x000002727c1b3c30 JavaThread "Thread-1"                   daemon [_thread_in_native, id=8332, stack(0x000000f22c500000,0x000000f22c600000) (1024K)]
  0x000002727c1b5d00 JavaThread "Thread-2"                   daemon [_thread_in_native, id=10140, stack(0x000000f22c600000,0x000000f22c700000) (1024K)]
  0x000002727c1b4fe0 JavaThread "Thread-3"                   daemon [_thread_in_native, id=9308, stack(0x000000f22c700000,0x000000f22c800000) (1024K)]
  0x000002727c1b5670 JavaThread "Thread-4"                   daemon [_thread_in_native, id=9944, stack(0x000000f22c800000,0x000000f22c900000) (1024K)]
  0x000002727c1b42c0 JavaThread "Thread-5"                   daemon [_thread_in_native, id=7584, stack(0x000000f22c900000,0x000000f22ca00000) (1024K)]
  0x000002727c1b4950 JavaThread "Thread-6"                   daemon [_thread_in_native, id=5160, stack(0x000000f22ca00000,0x000000f22cb00000) (1024K)]
  0x000002727c1b2880 JavaThread "Thread-7"                   daemon [_thread_in_native, id=17404, stack(0x000000f22cb00000,0x000000f22cc00000) (1024K)]
  0x000002727c1b6390 JavaThread "Thread-8"                   daemon [_thread_in_native, id=9416, stack(0x000000f22cc00000,0x000000f22cd00000) (1024K)]
  0x000002727c1b2f10 JavaThread "Thread-9"                   daemon [_thread_in_native, id=11676, stack(0x000000f22cd00000,0x000000f22ce00000) (1024K)]
  0x000002727c1b6a20 JavaThread "Thread-10"                  daemon [_thread_in_native, id=11240, stack(0x000000f22ce00000,0x000000f22cf00000) (1024K)]
  0x000002727c1b35a0 JavaThread "Thread-11"                  daemon [_thread_in_native, id=10972, stack(0x000000f22cf00000,0x000000f22d000000) (1024K)]
  0x000002727c1b70b0 JavaThread "Thread-12"                  daemon [_thread_in_native, id=10248, stack(0x000000f22d000000,0x000000f22d100000) (1024K)]
  0x000002727c1b7740 JavaThread "Thread-13"                  daemon [_thread_in_native, id=11680, stack(0x000000f22d100000,0x000000f22d200000) (1024K)]
  0x000002727c1b8460 JavaThread "pool-2-thread-1"                   [_thread_blocked, id=8436, stack(0x000000f22d200000,0x000000f22d300000) (1024K)]
  0x000002727c1b7dd0 JavaThread "Worker-4"                          [_thread_blocked, id=6152, stack(0x000000f22d300000,0x000000f22d400000) (1024K)]
  0x000002727c1b9810 JavaThread "WorkspaceEventsHandler"            [_thread_blocked, id=16060, stack(0x000000f22c100000,0x000000f22c200000) (1024K)]
  0x000002727c1b8af0 JavaThread "pool-1-thread-1"                   [_thread_blocked, id=10700, stack(0x000000f22d400000,0x000000f22d500000) (1024K)]
  0x000002727537c430 JavaThread "Cleaner-0"                  daemon [_thread_blocked, id=5700, stack(0x000000f22f600000,0x000000f22f700000) (1024K)]
Total: 39

Other Threads:
  0x000002721b414210 VMThread "VM Thread"                           [id=15972, stack(0x000000f22a000000,0x000000f22a100000) (1024K)]
  0x000002721b4ebad0 WatcherThread "VM Periodic Task Thread"        [id=16076, stack(0x000000f229f00000,0x000000f22a000000) (1024K)]
  0x000002721b49b780 WorkerThread "GC Thread#0"                     [id=15920, stack(0x000000f229e00000,0x000000f229f00000) (1024K)]
  0x000002727525b910 WorkerThread "GC Thread#1"                     [id=16704, stack(0x000000f22ac00000,0x000000f22ad00000) (1024K)]
  0x000002727589af20 WorkerThread "GC Thread#2"                     [id=16708, stack(0x000000f22ad00000,0x000000f22ae00000) (1024K)]
  0x00000272758adca0 WorkerThread "GC Thread#3"                     [id=16712, stack(0x000000f22ae00000,0x000000f22af00000) (1024K)]
  0x0000027275325860 WorkerThread "GC Thread#4"                     [id=16716, stack(0x000000f22af00000,0x000000f22b000000) (1024K)]
  0x0000027275325c10 WorkerThread "GC Thread#5"                     [id=16720, stack(0x000000f22b000000,0x000000f22b100000) (1024K)]
  0x00000272758300b0 WorkerThread "GC Thread#6"                     [id=16724, stack(0x000000f22b100000,0x000000f22b200000) (1024K)]
  0x0000027275830bc0 WorkerThread "GC Thread#7"                     [id=17092, stack(0x000000f22b200000,0x000000f22b300000) (1024K)]
  0x0000027275830f70 WorkerThread "GC Thread#8"                     [id=17240, stack(0x000000f22b800000,0x000000f22b900000) (1024K)]
  0x000002727582f5a0 WorkerThread "GC Thread#9"                     [id=17244, stack(0x000000f22b900000,0x000000f22ba00000) (1024K)]
Total: 12

Threads with active compile tasks:
Total: 0

VM state: not at safepoint (normal execution)

VM Mutex/Monitor currently owned by a thread: None

Heap address: 0x0000000080000000, size: 2048 MB, Compressed Oops mode: 32-bit

CDS archive(s) mapped at: [0x0000027232000000-0x0000027232ba0000-0x0000027232ba0000), size 12189696, SharedBaseAddress: 0x0000027232000000, ArchiveRelocationMode: 1.
Compressed class space mapped at: 0x0000027233000000-0x0000027273000000, reserved size: 1073741824
Narrow klass base: 0x0000027232000000, Narrow klass shift: 0, Narrow klass range: 0x100000000

GC Precious Log:
 CardTable entry size: 512
 CPUs: 12 total, 12 available
 Memory: 16187M
 Large Page Support: Disabled
 NUMA Support: Disabled
 Compressed Oops: Enabled (32-bit)
 Alignments: Space 512K, Generation 512K, Heap 2M
 Heap Min Capacity: 100M
 Heap Initial Capacity: 100M
 Heap Max Capacity: 2G
 Pre-touch: Disabled
 Parallel Workers: 10

Heap:
 PSYoungGen      total 15872K, used 5037K [0x00000000d5580000, 0x00000000d6b00000, 0x0000000100000000)
  eden space 14848K, 27% used [0x00000000d5580000,0x00000000d5983430,0x00000000d6400000)
  from space 1024K, 90% used [0x00000000d6a00000,0x00000000d6ae8000,0x00000000d6b00000)
  to   space 2560K, 0% used [0x00000000d6600000,0x00000000d6600000,0x00000000d6880000)
 ParOldGen       total 83456K, used 83267K [0x0000000080000000, 0x0000000085180000, 0x00000000d5580000)
  object space 83456K, 99% used [0x0000000080000000,0x0000000085150db0,0x0000000085180000)
 Metaspace       used 69418K, committed 70976K, reserved 1114112K
  class space    used 7313K, committed 8000K, reserved 1048576K

Card table byte_map: [0x000002721ae20000,0x000002721b230000] _byte_map_base: 0x000002721aa20000

Marking Bits: (ParMarkBitMap*) 0x00007ffcbe773450
 Begin Bits: [0x000002722d930000, 0x000002722f930000)
 End Bits:   [0x000002722f930000, 0x0000027231930000)

Polling page: 0x0000027218ff0000

Metaspace:

Usage:
  Non-class:     60.65 MB used.
      Class:      7.14 MB used.
       Both:     67.79 MB used.

Virtual space:
  Non-class space:       64.00 MB reserved,      61.50 MB ( 96%) committed,  1 nodes.
      Class space:        1.00 GB reserved,       7.81 MB ( <1%) committed,  1 nodes.
             Both:        1.06 GB reserved,      69.31 MB (  6%) committed. 

Chunk freelists:
   Non-Class:  1.83 MB
       Class:  8.13 MB
        Both:  9.96 MB

MaxMetaspaceSize: unlimited
CompressedClassSpaceSize: 1.00 GB
Initial GC threshold: 21.00 MB
Current GC threshold: 97.31 MB
CDS: on
 - commit_granule_bytes: 65536.
 - commit_granule_words: 8192.
 - virtual_space_node_default_size: 8388608.
 - enlarge_chunks_in_place: 1.
 - use_allocation_guard: 0.


Internal statistics:

num_allocs_failed_limit: 9.
num_arena_births: 1340.
num_arena_deaths: 16.
num_vsnodes_births: 2.
num_vsnodes_deaths: 0.
num_space_committed: 1109.
num_space_uncommitted: 0.
num_chunks_returned_to_freelist: 26.
num_chunks_taken_from_freelist: 4722.
num_chunk_merges: 12.
num_chunk_splits: 2861.
num_chunks_enlarged: 1534.
num_inconsistent_stats: 0.

CodeHeap 'non-profiled nmethods': size=120000Kb used=8696Kb max_used=8696Kb free=111303Kb
 bounds [0x0000027226150000, 0x00000272269d0000, 0x000002722d680000]
CodeHeap 'profiled nmethods': size=120000Kb used=25687Kb max_used=25687Kb free=94312Kb
 bounds [0x000002721e680000, 0x000002721ffa0000, 0x0000027225bb0000]
CodeHeap 'non-nmethods': size=5760Kb used=1452Kb max_used=1552Kb free=4307Kb
 bounds [0x0000027225bb0000, 0x0000027225e20000, 0x0000027226150000]
CodeCache: size=245760Kb, used=35835Kb, max_used=35935Kb, free=209922Kb
 total_blobs=12354, nmethods=11581, adapters=678, full_count=0
Compilation: enabled, stopped_count=0, restarted_count=0

Compilation events (20 events):
Event: 18035.597 Thread 0x000002721b533980 12397       3       java.security.DrbgParameters$NextBytes::<init> (66 bytes)
Event: 18035.604 Thread 0x000002721b533980 nmethod 12397 0x000002721ff93410 code [0x000002721ff93660, 0x000002721ff93ef0]
Event: 18035.604 Thread 0x000002721b533980 12398       3       java.lang.Thread::checkAccess (14 bytes)
Event: 18035.605 Thread 0x000002721b533980 nmethod 12398 0x000002721ff94210 code [0x000002721ff943c0, 0x000002721ff945b0]
Event: 18935.599 Thread 0x000002721b5297e0 12399       4       org.eclipse.core.runtime.Assert::isLegal (7 bytes)
Event: 18935.600 Thread 0x000002721b5297e0 nmethod 12399 0x00000272269cd290 code [0x00000272269cd420, 0x00000272269cd4a8]
Event: 18935.600 Thread 0x000002721b533980 12400   !   3       java.security.SecureRandom::nextBytes (46 bytes)
Event: 18935.603 Thread 0x000002721b533980 nmethod 12400 0x000002721ff94690 code [0x000002721ff948a0, 0x000002721ff94db0]
Event: 18935.603 Thread 0x000002721b533980 12401       3       sun.security.provider.DRBG::engineNextBytes (9 bytes)
Event: 18935.604 Thread 0x000002721b533980 nmethod 12401 0x000002721ff95090 code [0x000002721ff95240, 0x000002721ff95380]
Event: 24494.293 Thread 0x000002721b5297e0 12402       4       java.util.concurrent.locks.AbstractQueuedSynchronizer$ConditionObject::canReacquire (38 bytes)
Event: 24494.293 Thread 0x000002721b5297e0 nmethod 12402 0x00000272269cd590 code [0x00000272269cd720, 0x00000272269cd7f0]
Event: 25085.709 Thread 0x000002721b5297e0 12403       4       java.util.concurrent.ScheduledThreadPoolExecutor::canRunInCurrentRunState (61 bytes)
Event: 25085.710 Thread 0x000002721b5297e0 nmethod 12403 0x00000272269cd890 code [0x00000272269cda20, 0x00000272269cdae8]
Event: 25157.326 Thread 0x000002721b533980 12404       3       java.util.UUID::randomUUID (63 bytes)
Event: 25157.330 Thread 0x000002721b533980 nmethod 12404 0x000002721ff95490 code [0x000002721ff95660, 0x000002721ff95918]
Event: 25185.755 Thread 0x000002721b5297e0 12405       4       java.util.concurrent.TimeUnit::convert (73 bytes)
Event: 25185.757 Thread 0x000002721b5297e0 nmethod 12405 0x00000272269cdc10 code [0x00000272269cddc0, 0x00000272269cdf68]
Event: 26057.347 Thread 0x000002721b533980 12406       3       org.eclipse.core.runtime.NullProgressMonitor::<init> (10 bytes)
Event: 26057.349 Thread 0x000002721b533980 nmethod 12406 0x000002721ff95a10 code [0x000002721ff95bc0, 0x000002721ff95d38]

GC Heap History (20 events):
Event: 40.623 GC heap before
{Heap before GC invocations=66 (full 3):
 PSYoungGen      total 16384K, used 16370K [0x00000000d5580000, 0x00000000d7180000, 0x0000000100000000)
  eden space 15360K, 100% used [0x00000000d5580000,0x00000000d6480000,0x00000000d6480000)
  from space 1024K, 98% used [0x00000000d6980000,0x00000000d6a7caf8,0x00000000d6a80000)
  to   space 5120K, 0% used [0x00000000d6480000,0x00000000d6480000,0x00000000d6980000)
 ParOldGen       total 71168K, used 70913K [0x0000000080000000, 0x0000000084580000, 0x00000000d5580000)
  object space 71168K, 99% used [0x0000000080000000,0x0000000084540580,0x0000000084580000)
 Metaspace       used 64157K, committed 65728K, reserved 1114112K
  class space    used 6817K, committed 7488K, reserved 1048576K
}
Event: 40.627 GC heap after
{Heap after GC invocations=66 (full 3):
 PSYoungGen      total 17920K, used 2482K [0x00000000d5580000, 0x00000000d6b80000, 0x0000000100000000)
  eden space 15360K, 0% used [0x00000000d5580000,0x00000000d5580000,0x00000000d6480000)
  from space 2560K, 96% used [0x00000000d6480000,0x00000000d66eca58,0x00000000d6700000)
  to   space 3584K, 0% used [0x00000000d6800000,0x00000000d6800000,0x00000000d6b80000)
 ParOldGen       total 72192K, used 71947K [0x0000000080000000, 0x0000000084680000, 0x00000000d5580000)
  object space 72192K, 99% used [0x0000000080000000,0x0000000084642c40,0x0000000084680000)
 Metaspace       used 64157K, committed 65728K, reserved 1114112K
  class space    used 6817K, committed 7488K, reserved 1048576K
}
Event: 41.024 GC heap before
{Heap before GC invocations=67 (full 3):
 PSYoungGen      total 17920K, used 17842K [0x00000000d5580000, 0x00000000d6b80000, 0x0000000100000000)
  eden space 15360K, 100% used [0x00000000d5580000,0x00000000d6480000,0x00000000d6480000)
  from space 2560K, 96% used [0x00000000d6480000,0x00000000d66eca58,0x00000000d6700000)
  to   space 3584K, 0% used [0x00000000d6800000,0x00000000d6800000,0x00000000d6b80000)
 ParOldGen       total 72192K, used 71947K [0x0000000080000000, 0x0000000084680000, 0x00000000d5580000)
  object space 72192K, 99% used [0x0000000080000000,0x0000000084642c40,0x0000000084680000)
 Metaspace       used 64547K, committed 66112K, reserved 1114112K
  class space    used 6868K, committed 7552K, reserved 1048576K
}
Event: 41.027 GC heap after
{Heap after GC invocations=67 (full 3):
 PSYoungGen      total 16896K, used 1120K [0x00000000d5580000, 0x00000000d6980000, 0x0000000100000000)
  eden space 15360K, 0% used [0x00000000d5580000,0x00000000d5580000,0x00000000d6480000)
  from space 1536K, 72% used [0x00000000d6800000,0x00000000d6918040,0x00000000d6980000)
  to   space 2048K, 0% used [0x00000000d6580000,0x00000000d6580000,0x00000000d6780000)
 ParOldGen       total 73728K, used 73678K [0x0000000080000000, 0x0000000084800000, 0x00000000d5580000)
  object space 73728K, 99% used [0x0000000080000000,0x00000000847f3840,0x0000000084800000)
 Metaspace       used 64547K, committed 66112K, reserved 1114112K
  class space    used 6868K, committed 7552K, reserved 1048576K
}
Event: 41.426 GC heap before
{Heap before GC invocations=68 (full 3):
 PSYoungGen      total 16896K, used 16480K [0x00000000d5580000, 0x00000000d6980000, 0x0000000100000000)
  eden space 15360K, 100% used [0x00000000d5580000,0x00000000d6480000,0x00000000d6480000)
  from space 1536K, 72% used [0x00000000d6800000,0x00000000d6918040,0x00000000d6980000)
  to   space 2048K, 0% used [0x00000000d6580000,0x00000000d6580000,0x00000000d6780000)
 ParOldGen       total 73728K, used 73678K [0x0000000080000000, 0x0000000084800000, 0x00000000d5580000)
  object space 73728K, 99% used [0x0000000080000000,0x00000000847f3840,0x0000000084800000)
 Metaspace       used 64960K, committed 66560K, reserved 1114112K
  class space    used 6912K, committed 7616K, reserved 1048576K
}
Event: 41.431 GC heap after
{Heap after GC invocations=68 (full 3):
 PSYoungGen      total 17408K, used 1792K [0x00000000d5580000, 0x00000000d6880000, 0x0000000100000000)
  eden space 15360K, 0% used [0x00000000d5580000,0x00000000d5580000,0x00000000d6480000)
  from space 2048K, 87% used [0x00000000d6580000,0x00000000d6740000,0x00000000d6780000)
  to   space 1024K, 0% used [0x00000000d6780000,0x00000000d6780000,0x00000000d6880000)
 ParOldGen       total 74752K, used 74542K [0x0000000080000000, 0x0000000084900000, 0x00000000d5580000)
  object space 74752K, 99% used [0x0000000080000000,0x00000000848cb880,0x0000000084900000)
 Metaspace       used 64960K, committed 66560K, reserved 1114112K
  class space    used 6912K, committed 7616K, reserved 1048576K
}
Event: 42.065 GC heap before
{Heap before GC invocations=69 (full 3):
 PSYoungGen      total 17408K, used 17000K [0x00000000d5580000, 0x00000000d6880000, 0x0000000100000000)
  eden space 15360K, 99% used [0x00000000d5580000,0x00000000d645a110,0x00000000d6480000)
  from space 2048K, 87% used [0x00000000d6580000,0x00000000d6740000,0x00000000d6780000)
  to   space 1024K, 0% used [0x00000000d6780000,0x00000000d6780000,0x00000000d6880000)
 ParOldGen       total 74752K, used 74542K [0x0000000080000000, 0x0000000084900000, 0x00000000d5580000)
  object space 74752K, 99% used [0x0000000080000000,0x00000000848cb880,0x0000000084900000)
 Metaspace       used 65745K, committed 67392K, reserved 1114112K
  class space    used 6998K, committed 7680K, reserved 1048576K
}
Event: 42.068 GC heap after
{Heap after GC invocations=69 (full 3):
 PSYoungGen      total 15872K, used 1018K [0x00000000d5580000, 0x00000000d6b80000, 0x0000000100000000)
  eden space 14848K, 0% used [0x00000000d5580000,0x00000000d5580000,0x00000000d6400000)
  from space 1024K, 99% used [0x00000000d6780000,0x00000000d687ebb0,0x00000000d6880000)
  to   space 3584K, 0% used [0x00000000d6400000,0x00000000d6400000,0x00000000d6780000)
 ParOldGen       total 76800K, used 76747K [0x0000000080000000, 0x0000000084b00000, 0x00000000d5580000)
  object space 76800K, 99% used [0x0000000080000000,0x0000000084af2c88,0x0000000084b00000)
 Metaspace       used 65745K, committed 67392K, reserved 1114112K
  class space    used 6998K, committed 7680K, reserved 1048576K
}
Event: 42.376 GC heap before
{Heap before GC invocations=70 (full 3):
 PSYoungGen      total 15872K, used 15180K [0x00000000d5580000, 0x00000000d6b80000, 0x0000000100000000)
  eden space 14848K, 95% used [0x00000000d5580000,0x00000000d6354670,0x00000000d6400000)
  from space 1024K, 99% used [0x00000000d6780000,0x00000000d687ebb0,0x00000000d6880000)
  to   space 3584K, 0% used [0x00000000d6400000,0x00000000d6400000,0x00000000d6780000)
 ParOldGen       total 76800K, used 76747K [0x0000000080000000, 0x0000000084b00000, 0x00000000d5580000)
  object space 76800K, 99% used [0x0000000080000000,0x0000000084af2c88,0x0000000084b00000)
 Metaspace       used 66189K, committed 67840K, reserved 1114112K
  class space    used 7031K, committed 7744K, reserved 1048576K
}
Event: 42.378 GC heap after
{Heap after GC invocations=70 (full 3):
 PSYoungGen      total 15872K, used 532K [0x00000000d5580000, 0x00000000d6800000, 0x0000000100000000)
  eden space 14848K, 0% used [0x00000000d5580000,0x00000000d5580000,0x00000000d6400000)
  from space 1024K, 52% used [0x00000000d6400000,0x00000000d6485200,0x00000000d6500000)
  to   space 1536K, 0% used [0x00000000d6680000,0x00000000d6680000,0x00000000d6800000)
 ParOldGen       total 77312K, used 77242K [0x0000000080000000, 0x0000000084b80000, 0x00000000d5580000)
  object space 77312K, 99% used [0x0000000080000000,0x0000000084b6ea20,0x0000000084b80000)
 Metaspace       used 66189K, committed 67840K, reserved 1114112K
  class space    used 7031K, committed 7744K, reserved 1048576K
}
Event: 42.670 GC heap before
{Heap before GC invocations=71 (full 3):
 PSYoungGen      total 15872K, used 15380K [0x00000000d5580000, 0x00000000d6800000, 0x0000000100000000)
  eden space 14848K, 100% used [0x00000000d5580000,0x00000000d6400000,0x00000000d6400000)
  from space 1024K, 52% used [0x00000000d6400000,0x00000000d6485200,0x00000000d6500000)
  to   space 1536K, 0% used [0x00000000d6680000,0x00000000d6680000,0x00000000d6800000)
 ParOldGen       total 77312K, used 77242K [0x0000000080000000, 0x0000000084b80000, 0x00000000d5580000)
  object space 77312K, 99% used [0x0000000080000000,0x0000000084b6ea20,0x0000000084b80000)
 Metaspace       used 67190K, committed 68736K, reserved 1114112K
  class space    used 7109K, committed 7808K, reserved 1048576K
}
Event: 42.672 GC heap after
{Heap after GC invocations=71 (full 3):
 PSYoungGen      total 16384K, used 1275K [0x00000000d5580000, 0x00000000d6800000, 0x0000000100000000)
  eden space 14848K, 0% used [0x00000000d5580000,0x00000000d5580000,0x00000000d6400000)
  from space 1536K, 83% used [0x00000000d6680000,0x00000000d67bec98,0x00000000d6800000)
  to   space 1536K, 0% used [0x00000000d6500000,0x00000000d6500000,0x00000000d6680000)
 ParOldGen       total 77824K, used 77418K [0x0000000080000000, 0x0000000084c00000, 0x00000000d5580000)
  object space 77824K, 99% used [0x0000000080000000,0x0000000084b9aa20,0x0000000084c00000)
 Metaspace       used 67190K, committed 68736K, reserved 1114112K
  class space    used 7109K, committed 7808K, reserved 1048576K
}
Event: 66.715 GC heap before
{Heap before GC invocations=72 (full 3):
 PSYoungGen      total 16384K, used 16123K [0x00000000d5580000, 0x00000000d6800000, 0x0000000100000000)
  eden space 14848K, 100% used [0x00000000d5580000,0x00000000d6400000,0x00000000d6400000)
  from space 1536K, 83% used [0x00000000d6680000,0x00000000d67bec98,0x00000000d6800000)
  to   space 1536K, 0% used [0x00000000d6500000,0x00000000d6500000,0x00000000d6680000)
 ParOldGen       total 77824K, used 77418K [0x0000000080000000, 0x0000000084c00000, 0x00000000d5580000)
  object space 77824K, 99% used [0x0000000080000000,0x0000000084b9aa20,0x0000000084c00000)
 Metaspace       used 68091K, committed 69760K, reserved 1114112K
  class space    used 7214K, committed 7936K, reserved 1048576K
}
Event: 66.717 GC heap after
{Heap after GC invocations=72 (full 3):
 PSYoungGen      total 15872K, used 928K [0x00000000d5580000, 0x00000000d6700000, 0x0000000100000000)
  eden space 14848K, 0% used [0x00000000d5580000,0x00000000d5580000,0x00000000d6400000)
  from space 1024K, 90% used [0x00000000d6500000,0x00000000d65e8000,0x00000000d6600000)
  to   space 1024K, 0% used [0x00000000d6600000,0x00000000d6600000,0x00000000d6700000)
 ParOldGen       total 78336K, used 78305K [0x0000000080000000, 0x0000000084c80000, 0x00000000d5580000)
  object space 78336K, 99% used [0x0000000080000000,0x0000000084c785a8,0x0000000084c80000)
 Metaspace       used 68091K, committed 69760K, reserved 1114112K
  class space    used 7214K, committed 7936K, reserved 1048576K
}
Event: 116.989 GC heap before
{Heap before GC invocations=73 (full 3):
 PSYoungGen      total 15872K, used 15776K [0x00000000d5580000, 0x00000000d6700000, 0x0000000100000000)
  eden space 14848K, 100% used [0x00000000d5580000,0x00000000d6400000,0x00000000d6400000)
  from space 1024K, 90% used [0x00000000d6500000,0x00000000d65e8000,0x00000000d6600000)
  to   space 1024K, 0% used [0x00000000d6600000,0x00000000d6600000,0x00000000d6700000)
 ParOldGen       total 78336K, used 78305K [0x0000000080000000, 0x0000000084c80000, 0x00000000d5580000)
  object space 78336K, 99% used [0x0000000080000000,0x0000000084c785a8,0x0000000084c80000)
 Metaspace       used 68358K, committed 69952K, reserved 1114112K
  class space    used 7233K, committed 7936K, reserved 1048576K
}
Event: 116.990 GC heap after
{Heap after GC invocations=73 (full 3):
 PSYoungGen      total 15360K, used 416K [0x00000000d5580000, 0x00000000d6680000, 0x0000000100000000)
  eden space 14848K, 0% used [0x00000000d5580000,0x00000000d5580000,0x00000000d6400000)
  from space 512K, 81% used [0x00000000d6600000,0x00000000d6668020,0x00000000d6680000)
  to   space 1024K, 0% used [0x00000000d6480000,0x00000000d6480000,0x00000000d6580000)
 ParOldGen       total 79360K, used 79065K [0x0000000080000000, 0x0000000084d80000, 0x00000000d5580000)
  object space 79360K, 99% used [0x0000000080000000,0x0000000084d364f8,0x0000000084d80000)
 Metaspace       used 68358K, committed 69952K, reserved 1114112K
  class space    used 7233K, committed 7936K, reserved 1048576K
}
Event: 117.158 GC heap before
{Heap before GC invocations=74 (full 3):
 PSYoungGen      total 15360K, used 15250K [0x00000000d5580000, 0x00000000d6680000, 0x0000000100000000)
  eden space 14848K, 99% used [0x00000000d5580000,0x00000000d63fcad8,0x00000000d6400000)
  from space 512K, 81% used [0x00000000d6600000,0x00000000d6668020,0x00000000d6680000)
  to   space 1024K, 0% used [0x00000000d6480000,0x00000000d6480000,0x00000000d6580000)
 ParOldGen       total 79360K, used 79065K [0x0000000080000000, 0x0000000084d80000, 0x00000000d5580000)
  object space 79360K, 99% used [0x0000000080000000,0x0000000084d364f8,0x0000000084d80000)
 Metaspace       used 68582K, committed 70208K, reserved 1114112K
  class space    used 7251K, committed 8000K, reserved 1048576K
}
Event: 117.162 GC heap after
{Heap after GC invocations=74 (full 3):
 PSYoungGen      total 15872K, used 1016K [0x00000000d5580000, 0x00000000d7000000, 0x0000000100000000)
  eden space 14848K, 0% used [0x00000000d5580000,0x00000000d5580000,0x00000000d6400000)
  from space 1024K, 99% used [0x00000000d6480000,0x00000000d657e1e8,0x00000000d6580000)
  to   space 6144K, 0% used [0x00000000d6a00000,0x00000000d6a00000,0x00000000d7000000)
 ParOldGen       total 83456K, used 83123K [0x0000000080000000, 0x0000000085180000, 0x00000000d5580000)
  object space 83456K, 99% used [0x0000000080000000,0x000000008512cdb0,0x0000000085180000)
 Metaspace       used 68582K, committed 70208K, reserved 1114112K
  class space    used 7251K, committed 8000K, reserved 1048576K
}
Event: 417.053 GC heap before
{Heap before GC invocations=75 (full 3):
 PSYoungGen      total 15872K, used 15864K [0x00000000d5580000, 0x00000000d7000000, 0x0000000100000000)
  eden space 14848K, 100% used [0x00000000d5580000,0x00000000d6400000,0x00000000d6400000)
  from space 1024K, 99% used [0x00000000d6480000,0x00000000d657e1e8,0x00000000d6580000)
  to   space 6144K, 0% used [0x00000000d6a00000,0x00000000d6a00000,0x00000000d7000000)
 ParOldGen       total 83456K, used 83123K [0x0000000080000000, 0x0000000085180000, 0x00000000d5580000)
  object space 83456K, 99% used [0x0000000080000000,0x000000008512cdb0,0x0000000085180000)
 Metaspace       used 69010K, committed 70592K, reserved 1114112K
  class space    used 7282K, committed 8000K, reserved 1048576K
}
Event: 417.056 GC heap after
{Heap after GC invocations=75 (full 3):
 PSYoungGen      total 15872K, used 928K [0x00000000d5580000, 0x00000000d6b00000, 0x0000000100000000)
  eden space 14848K, 0% used [0x00000000d5580000,0x00000000d5580000,0x00000000d6400000)
  from space 1024K, 90% used [0x00000000d6a00000,0x00000000d6ae8000,0x00000000d6b00000)
  to   space 2560K, 0% used [0x00000000d6600000,0x00000000d6600000,0x00000000d6880000)
 ParOldGen       total 83456K, used 83267K [0x0000000080000000, 0x0000000085180000, 0x00000000d5580000)
  object space 83456K, 99% used [0x0000000080000000,0x0000000085150db0,0x0000000085180000)
 Metaspace       used 69010K, committed 70592K, reserved 1114112K
  class space    used 7282K, committed 8000K, reserved 1048576K
}

Dll operation events (10 events):
Event: 0.057 Loaded shared library c:\Users\AFTERSHOCK\.vscode\extensions\redhat.java-1.53.0-win32-x64\jre\21.0.10-win32-x86_64\bin\java.dll
Event: 0.199 Loaded shared library c:\Users\AFTERSHOCK\.vscode\extensions\redhat.java-1.53.0-win32-x64\jre\21.0.10-win32-x86_64\bin\zip.dll
Event: 0.245 Loaded shared library C:\Users\AFTERSHOCK\.vscode\extensions\redhat.java-1.53.0-win32-x64\jre\21.0.10-win32-x86_64\bin\instrument.dll
Event: 0.338 Loaded shared library C:\Users\AFTERSHOCK\.vscode\extensions\redhat.java-1.53.0-win32-x64\jre\21.0.10-win32-x86_64\bin\net.dll
Event: 0.364 Loaded shared library C:\Users\AFTERSHOCK\.vscode\extensions\redhat.java-1.53.0-win32-x64\jre\21.0.10-win32-x86_64\bin\nio.dll
Event: 0.370 Loaded shared library C:\Users\AFTERSHOCK\.vscode\extensions\redhat.java-1.53.0-win32-x64\jre\21.0.10-win32-x86_64\bin\zip.dll
Event: 0.406 Loaded shared library C:\Users\AFTERSHOCK\.vscode\extensions\redhat.java-1.53.0-win32-x64\jre\21.0.10-win32-x86_64\bin\jimage.dll
Event: 0.583 Loaded shared library c:\Users\AFTERSHOCK\.vscode\extensions\redhat.java-1.53.0-win32-x64\jre\21.0.10-win32-x86_64\bin\verify.dll
Event: 4.665 Loaded shared library C:\Users\AFTERSHOCK\AppData\Roaming\Code\User\globalStorage\redhat.java\1.53.0\config_win\org.eclipse.equinox.launcher\org.eclipse.equinox.launcher.win32.win32.x86_64_1.3.0.v20260203-2149\eclipse_11919.dll
Event: 10.972 Loaded shared library C:\Users\AFTERSHOCK\AppData\Local\Temp\jna-2045620806\jna15914180762012393313.dll

Deoptimization events (20 events):
Event: 340.857 Thread 0x0000027275483d80 Uncommon trap: trap_request=0xffffffde fr.pc=0x000002722663b014 relative=0x0000000000000b54
Event: 340.858 Thread 0x0000027275483d80 Uncommon trap: reason=class_check action=maybe_recompile pc=0x000002722663b014 method=java.io.DataOutputStream.write([BII)V @ 7 c2
Event: 340.858 Thread 0x0000027275483d80 DEOPT PACKING pc=0x000002722663b014 sp=0x000000f22bffedd0
Event: 340.858 Thread 0x0000027275483d80 DEOPT UNPACKING pc=0x0000027225c03aa2 sp=0x000000f22bffed00 mode 2
Event: 340.858 Thread 0x0000027275483d80 Uncommon trap: trap_request=0xffffffde fr.pc=0x0000027226640790 relative=0x0000000000000450
Event: 340.858 Thread 0x0000027275483d80 Uncommon trap: reason=class_check action=maybe_recompile pc=0x0000027226640790 method=java.io.DataOutputStream.writeInt(I)V @ 19 c2
Event: 340.858 Thread 0x0000027275483d80 DEOPT PACKING pc=0x0000027226640790 sp=0x000000f22bffeca0
Event: 340.858 Thread 0x0000027275483d80 DEOPT UNPACKING pc=0x0000027225c03aa2 sp=0x000000f22bffec48 mode 2
Event: 340.863 Thread 0x0000027275483d80 Uncommon trap: trap_request=0xffffffc6 fr.pc=0x00000272268ef504 relative=0x00000000000049a4
Event: 340.863 Thread 0x0000027275483d80 Uncommon trap: reason=bimorphic_or_optimized_type_check action=maybe_recompile pc=0x00000272268ef504 method=java.util.Properties.load0(Ljava/util/Properties$LineReader;)V @ 241 c2
Event: 340.863 Thread 0x0000027275483d80 DEOPT PACKING pc=0x00000272268ef504 sp=0x000000f22bffef90
Event: 340.863 Thread 0x0000027275483d80 DEOPT UNPACKING pc=0x0000027225c03aa2 sp=0x000000f22bffefc0 mode 2
Event: 8109.079 Thread 0x000002727c5ed010 Uncommon trap: trap_request=0xffffffde fr.pc=0x0000027226666618 relative=0x0000000000000078
Event: 8109.079 Thread 0x000002727c5ed010 Uncommon trap: reason=class_check action=maybe_recompile pc=0x0000027226666618 method=java.util.LinkedHashMap.afterNodeInsertion(Z)V @ 15 c2
Event: 8109.079 Thread 0x000002727c5ed010 DEOPT PACKING pc=0x0000027226666618 sp=0x000000f22d7feeb0
Event: 8109.079 Thread 0x000002727c5ed010 DEOPT UNPACKING pc=0x0000027225c03aa2 sp=0x000000f22d7fee28 mode 2
Event: 11312.065 Thread 0x0000027275377570 DEOPT PACKING pc=0x000002721fccbe9e sp=0x000000f229af8eb0
Event: 11312.065 Thread 0x0000027275377570 DEOPT UNPACKING pc=0x0000027225c04242 sp=0x000000f229af8390 mode 0
Event: 11336.873 Thread 0x0000027275377c00 DEOPT PACKING pc=0x000002721e789d84 sp=0x000000f229bfe440
Event: 11336.873 Thread 0x0000027275377c00 DEOPT UNPACKING pc=0x0000027225c04242 sp=0x000000f229bfd8f8 mode 0

Classes loaded (20 events):
Event: 117.109 Loading class jdk/internal/module/IllegalAccessLogger
Event: 117.109 Loading class jdk/internal/module/IllegalAccessLogger done
Event: 117.275 Loading class jdk/internal/module/IllegalAccessLogger
Event: 117.275 Loading class jdk/internal/module/IllegalAccessLogger done
Event: 340.822 Loading class java/util/stream/Nodes$CollectorTask$OfRef
Event: 340.822 Loading class java/util/stream/Nodes$CollectorTask
Event: 340.823 Loading class java/util/stream/Nodes$CollectorTask done
Event: 340.823 Loading class java/util/stream/Nodes$CollectorTask$OfRef done
Event: 340.827 Loading class java/util/function/LongFunction
Event: 340.827 Loading class java/util/function/LongFunction done
Event: 340.828 Loading class java/util/stream/Nodes$ConcNode
Event: 340.828 Loading class java/util/stream/Nodes$AbstractConcNode
Event: 340.828 Loading class java/util/stream/Nodes$AbstractConcNode done
Event: 340.828 Loading class java/util/stream/Nodes$ConcNode done
Event: 340.840 Loading class java/io/ObjectOutputStream$BlockDataOutputStream
Event: 340.840 Loading class java/io/ObjectOutputStream$BlockDataOutputStream done
Event: 340.840 Loading class java/io/ObjectOutputStream$HandleTable
Event: 340.840 Loading class java/io/ObjectOutputStream$HandleTable done
Event: 340.840 Loading class java/io/ObjectOutputStream$ReplaceTable
Event: 340.841 Loading class java/io/ObjectOutputStream$ReplaceTable done

Classes unloaded (8 events):
Event: 12.483 Thread 0x000002721b414210 Unloading class 0x00000272331acc00 'java/lang/invoke/LambdaForm$MH+0x00000272331acc00'
Event: 12.483 Thread 0x000002721b414210 Unloading class 0x00000272331ac800 'java/lang/invoke/LambdaForm$MH+0x00000272331ac800'
Event: 12.483 Thread 0x000002721b414210 Unloading class 0x00000272331ac400 'java/lang/invoke/LambdaForm$MH+0x00000272331ac400'
Event: 12.483 Thread 0x000002721b414210 Unloading class 0x00000272331ac000 'java/lang/invoke/LambdaForm$MH+0x00000272331ac000'
Event: 12.483 Thread 0x000002721b414210 Unloading class 0x00000272331abc00 'java/lang/invoke/LambdaForm$BMH+0x00000272331abc00'
Event: 12.483 Thread 0x000002721b414210 Unloading class 0x00000272331ab800 'java/lang/invoke/LambdaForm$DMH+0x00000272331ab800'
Event: 12.483 Thread 0x000002721b414210 Unloading class 0x00000272331aa400 'java/lang/invoke/LambdaForm$DMH+0x00000272331aa400'
Event: 36.552 Thread 0x000002721b414210 Unloading class 0x00000272336c8000 'java/lang/invoke/LambdaForm$MH+0x00000272336c8000'

Classes redefined (0 events):
No events

Internal exceptions (20 events):
Event: 116.996 Thread 0x000002727c1b8af0 Exception <a 'sun/nio/fs/WindowsException'{0x00000000d55d1f80}> (0x00000000d55d1f80) 
thrown [s\src\hotspot\share\prims\jni.cpp, line 520]
Event: 116.996 Thread 0x000002727c1b8af0 Exception <a 'sun/nio/fs/WindowsException'{0x00000000d55d25b0}> (0x00000000d55d25b0) 
thrown [s\src\hotspot\share\prims\jni.cpp, line 520]
Event: 117.000 Thread 0x000002727c5ebc60 Exception <a 'java/lang/NoSuchMethodError'{0x00000000d5636460}: 'int java.lang.invoke.DirectMethodHandle$Holder.invokeStatic(java.lang.Object)'> (0x00000000d5636460) 
thrown [s\src\hotspot\share\interpreter\linkResolver.cpp, line 773]
Event: 117.004 Thread 0x000002727c5ebc60 Exception <a 'sun/nio/fs/WindowsException'{0x00000000d569aa88}> (0x00000000d569aa88) 
thrown [s\src\hotspot\share\prims\jni.cpp, line 520]
Event: 117.004 Thread 0x000002727d318e10 Exception <a 'sun/nio/fs/WindowsException'{0x00000000d569cb28}> (0x00000000d569cb28) 
thrown [s\src\hotspot\share\prims\jni.cpp, line 520]
Event: 117.005 Thread 0x000002727d31a1c0 Exception <a 'sun/nio/fs/WindowsException'{0x00000000d569fbc8}> (0x00000000d569fbc8) 
thrown [s\src\hotspot\share\prims\jni.cpp, line 520]
Event: 117.005 Thread 0x000002727d31a850 Exception <a 'sun/nio/fs/WindowsException'{0x00000000d56a2c70}> (0x00000000d56a2c70) 
thrown [s\src\hotspot\share\prims\jni.cpp, line 520]
Event: 117.005 Thread 0x000002727d316d40 Exception <a 'sun/nio/fs/WindowsException'{0x00000000d56a76a0}> (0x00000000d56a76a0) 
thrown [s\src\hotspot\share\prims\jni.cpp, line 520]
Event: 117.005 Thread 0x000002727d318780 Exception <a 'sun/nio/fs/WindowsException'{0x00000000d56b55d0}> (0x00000000d56b55d0) 
thrown [s\src\hotspot\share\prims\jni.cpp, line 520]
Event: 117.005 Thread 0x000002727d319b30 Exception <a 'sun/nio/fs/WindowsException'{0x00000000d56b0b60}> (0x00000000d56b0b60) 
thrown [s\src\hotspot\share\prims\jni.cpp, line 520]
Event: 117.006 Thread 0x000002727c5ebc60 Exception <a 'sun/nio/fs/WindowsException'{0x00000000d56d1c18}> (0x00000000d56d1c18) 
thrown [s\src\hotspot\share\prims\jni.cpp, line 520]
Event: 117.006 Thread 0x000002727d318e10 Exception <a 'sun/nio/fs/WindowsException'{0x00000000d569da38}> (0x00000000d569da38) 
thrown [s\src\hotspot\share\prims\jni.cpp, line 520]
Event: 117.007 Thread 0x000002727d31a1c0 Exception <a 'sun/nio/fs/WindowsException'{0x00000000d56a17c0}> (0x00000000d56a17c0) 
thrown [s\src\hotspot\share\prims\jni.cpp, line 520]
Event: 117.012 Thread 0x000002727c5ebc60 Exception <a 'java/lang/NoSuchMethodError'{0x00000000d57060a8}: 'java.lang.Object java.lang.invoke.DirectMethodHandle$Holder.newInvokeSpecial(java.lang.Object, java.lang.Object, java.lang.Object, java.lang.Object, java.lang.Object, java.lang.Object, java.lang.Object, java.lang.Object)'> (0x00000000d57060a8) 
thrown [s\src\hotspot\share\interpreter\linkResolver.cpp, line 773]
Event: 117.288 Thread 0x000002727c5ebc60 Exception <a 'sun/nio/fs/WindowsException'{0x00000000d5e0b250}> (0x00000000d5e0b250) 
thrown [s\src\hotspot\share\prims\jni.cpp, line 520]
Event: 117.288 Thread 0x000002727c5ebc60 Exception <a 'sun/nio/fs/WindowsException'{0x00000000d5e0bb30}> (0x00000000d5e0bb30) 
thrown [s\src\hotspot\share\prims\jni.cpp, line 520]
Event: 340.834 Thread 0x0000027275483d80 Exception <a 'sun/nio/fs/WindowsException'{0x00000000d62f4190}> (0x00000000d62f4190) 
thrown [s\src\hotspot\share\prims\jni.cpp, line 520]
Event: 340.834 Thread 0x0000027275483d80 Exception <a 'sun/nio/fs/WindowsException'{0x00000000d62f4cd8}> (0x00000000d62f4cd8) 
thrown [s\src\hotspot\share\prims\jni.cpp, line 520]
Event: 340.834 Thread 0x0000027275483d80 Implicit null exception at 0x0000027226950809 to 0x0000027226950ba4
Event: 340.853 Thread 0x0000027275483d80 Exception <a 'java/lang/NoSuchMethodError'{0x00000000d6388e70}: static [J.<clinit>()V> (0x00000000d6388e70) 
thrown [s\src\hotspot\share\prims\jni.cpp, line 1111]

ZGC Phase Switch (0 events):
No events

VM Operations (20 events):
Event: 28532.556 Executing non-safepoint VM operation: HandshakeAllThreads (HandshakeForDeflation)
Event: 28532.556 Executing non-safepoint VM operation: HandshakeAllThreads (HandshakeForDeflation) done
Event: 28532.556 Executing non-safepoint VM operation: RendezvousGCThreads
Event: 28532.556 Executing non-safepoint VM operation: RendezvousGCThreads done
Event: 28652.847 Executing non-safepoint VM operation: HandshakeAllThreads (HandshakeForDeflation)
Event: 28652.847 Executing non-safepoint VM operation: HandshakeAllThreads (HandshakeForDeflation) done
Event: 28652.851 Executing non-safepoint VM operation: RendezvousGCThreads
Event: 28652.851 Executing non-safepoint VM operation: RendezvousGCThreads done
Event: 28712.989 Executing non-safepoint VM operation: HandshakeAllThreads (HandshakeForDeflation)
Event: 28712.990 Executing non-safepoint VM operation: HandshakeAllThreads (HandshakeForDeflation) done
Event: 28712.990 Executing non-safepoint VM operation: RendezvousGCThreads
Event: 28712.990 Executing non-safepoint VM operation: RendezvousGCThreads done
Event: 28833.270 Executing non-safepoint VM operation: HandshakeAllThreads (HandshakeForDeflation)
Event: 28833.270 Executing non-safepoint VM operation: HandshakeAllThreads (HandshakeForDeflation) done
Event: 28833.270 Executing non-safepoint VM operation: RendezvousGCThreads
Event: 28833.270 Executing non-safepoint VM operation: RendezvousGCThreads done
Event: 28893.391 Executing non-safepoint VM operation: HandshakeAllThreads (HandshakeForDeflation)
Event: 28893.391 Executing non-safepoint VM operation: HandshakeAllThreads (HandshakeForDeflation) done
Event: 28893.391 Executing non-safepoint VM operation: RendezvousGCThreads
Event: 28893.391 Executing non-safepoint VM operation: RendezvousGCThreads done

Memory protections (0 events):
No events

Nmethod flushes (20 events):
Event: 36.579 Thread 0x000002721b414210 flushing  nmethod 0x000002721ef9ef90
Event: 36.579 Thread 0x000002721b414210 flushing  nmethod 0x000002721efa0810
Event: 36.579 Thread 0x000002721b414210 flushing  nmethod 0x000002721efa3c10
Event: 36.579 Thread 0x000002721b414210 flushing  nmethod 0x000002721efacd10
Event: 36.579 Thread 0x000002721b414210 flushing  nmethod 0x000002721efaf790
Event: 36.579 Thread 0x000002721b414210 flushing  nmethod 0x000002721efb0e90
Event: 36.579 Thread 0x000002721b414210 flushing  nmethod 0x000002721efb1590
Event: 36.579 Thread 0x000002721b414210 flushing  nmethod 0x000002721efb2310
Event: 36.579 Thread 0x000002721b414210 flushing  nmethod 0x000002721efb2910
Event: 36.579 Thread 0x000002721b414210 flushing  nmethod 0x000002721efb3190
Event: 36.579 Thread 0x000002721b414210 flushing  nmethod 0x000002721efb3610
Event: 36.579 Thread 0x000002721b414210 flushing  nmethod 0x000002721efb5590
Event: 36.579 Thread 0x000002721b414210 flushing  nmethod 0x000002721efbaf10
Event: 36.579 Thread 0x000002721b414210 flushing  nmethod 0x000002721efc1290
Event: 36.579 Thread 0x000002721b414210 flushing  nmethod 0x000002721efded90
Event: 36.579 Thread 0x000002721b414210 flushing  nmethod 0x000002721efe0010
Event: 36.579 Thread 0x000002721b414210 flushing  nmethod 0x000002721f00de90
Event: 36.579 Thread 0x000002721b414210 flushing  nmethod 0x000002721f01ba90
Event: 36.579 Thread 0x000002721b414210 flushing osr nmethod 0x000002721f01e310
Event: 36.579 Thread 0x000002721b414210 flushing osr nmethod 0x000002721f0a6890

Events (20 events):
Event: 417.236 Thread 0x0000027275378920 Thread exited: 0x0000027275378920
Event: 417.296 Thread 0x0000027275377c00 Thread exited: 0x0000027275377c00
Event: 418.991 Thread 0x000002727c5ed6a0 Thread exited: 0x000002727c5ed6a0
Event: 477.047 Thread 0x000002727d31a850 Thread exited: 0x000002727d31a850
Event: 478.993 Thread 0x000002727c5ee3c0 Thread exited: 0x000002727c5ee3c0
Event: 537.057 Thread 0x000002727d319b30 Thread exited: 0x000002727d319b30
Event: 538.997 Thread 0x000002727c5ec980 Thread exited: 0x000002727c5ec980
Event: 8151.542 Thread 0x000002727d31aee0 Thread exited: 0x000002727d31aee0
Event: 8169.085 Thread 0x000002727c5ed010 Thread exited: 0x000002727c5ed010
Event: 8211.544 Thread 0x00000272753754a0 Thread exited: 0x00000272753754a0
Event: 8229.098 Thread 0x000002727c5ec2f0 Thread exited: 0x000002727c5ec2f0
Event: 8271.554 Thread 0x00000272754836f0 Thread exited: 0x00000272754836f0
Event: 8289.107 Thread 0x000002727c5eb5d0 Thread exited: 0x000002727c5eb5d0
Event: 8331.555 Thread 0x000002727d3166b0 Thread exited: 0x000002727d3166b0
Event: 8349.120 Thread 0x000002727c1b9180 Thread exited: 0x000002727c1b9180
Event: 8391.565 Thread 0x000002727d3173d0 Thread exited: 0x000002727d3173d0
Event: 11311.777 Thread 0x000002727c1b8af0 Thread added: 0x0000027275377570
Event: 11311.964 Thread 0x0000027275377570 Thread added: 0x0000027275377c00
Event: 11396.883 Thread 0x0000027275377c00 Thread exited: 0x0000027275377c00
Event: 11456.890 Thread 0x0000027275377570 Thread exited: 0x0000027275377570


Dynamic libraries:
0x00007ff762080000 - 0x00007ff76208e000 	c:\Users\AFTERSHOCK\.vscode\extensions\redhat.java-1.53.0-win32-x64\jre\21.0.10-win32-x86_64\bin\java.exe
0x00007ffd2d740000 - 0x00007ffd2d9a8000 	C:\WINDOWS\SYSTEM32\ntdll.dll
0x00007ffd2b9d0000 - 0x00007ffd2ba99000 	C:\WINDOWS\System32\KERNEL32.DLL
0x00007ffd2a510000 - 0x00007ffd2a901000 	C:\WINDOWS\System32\KERNELBASE.dll
0x00007ffd2a050000 - 0x00007ffd2a19b000 	C:\WINDOWS\System32\ucrtbase.dll
0x00007ffcfd150000 - 0x00007ffcfd168000 	c:\Users\AFTERSHOCK\.vscode\extensions\redhat.java-1.53.0-win32-x64\jre\21.0.10-win32-x86_64\bin\jli.dll
0x00007ffccfda0000 - 0x00007ffccfdbe000 	c:\Users\AFTERSHOCK\.vscode\extensions\redhat.java-1.53.0-win32-x64\jre\21.0.10-win32-x86_64\bin\VCRUNTIME140.dll
0x00007ffd2bac0000 - 0x00007ffd2bc86000 	C:\WINDOWS\System32\USER32.dll
0x00007ffd2a020000 - 0x00007ffd2a047000 	C:\WINDOWS\System32\win32u.dll
0x00007ffd15970000 - 0x00007ffd15c03000 	C:\WINDOWS\WinSxS\amd64_microsoft.windows.common-controls_6595b64144ccf1df_6.0.26100.7824_none_3e0870b2e3345462\COMCTL32.dll
0x00007ffd2c2f0000 - 0x00007ffd2c31b000 	C:\WINDOWS\System32\GDI32.dll
0x00007ffd2b860000 - 0x00007ffd2b909000 	C:\WINDOWS\System32\msvcrt.dll
0x00007ffd2b3b0000 - 0x00007ffd2b4db000 	C:\WINDOWS\System32\gdi32full.dll
0x00007ffd2a3d0000 - 0x00007ffd2a473000 	C:\WINDOWS\System32\msvcp_win.dll
0x00007ffd2d060000 - 0x00007ffd2d091000 	C:\WINDOWS\System32\IMM32.DLL
0x00007ffd03970000 - 0x00007ffd0397c000 	c:\Users\AFTERSHOCK\.vscode\extensions\redhat.java-1.53.0-win32-x64\jre\21.0.10-win32-x86_64\bin\vcruntime140_1.dll
0x00007ffcc90d0000 - 0x00007ffcc915d000 	c:\Users\AFTERSHOCK\.vscode\extensions\redhat.java-1.53.0-win32-x64\jre\21.0.10-win32-x86_64\bin\msvcp140.dll
0x00007ffcbdab0000 - 0x00007ffcbe851000 	c:\Users\AFTERSHOCK\.vscode\extensions\redhat.java-1.53.0-win32-x64\jre\21.0.10-win32-x86_64\bin\server\jvm.dll
0x00007ffd2bda0000 - 0x00007ffd2be54000 	C:\WINDOWS\System32\ADVAPI32.dll
0x00007ffd2b7b0000 - 0x00007ffd2b856000 	C:\WINDOWS\System32\sechost.dll
0x00007ffd2c760000 - 0x00007ffd2c878000 	C:\WINDOWS\System32\RPCRT4.dll
0x00007ffd2c880000 - 0x00007ffd2c8f4000 	C:\WINDOWS\System32\WS2_32.dll
0x00007ffd29e80000 - 0x00007ffd29ede000 	C:\WINDOWS\SYSTEM32\POWRPROF.dll
0x00007ffd229b0000 - 0x00007ffd229bb000 	C:\WINDOWS\SYSTEM32\VERSION.dll
0x00007ffd15e90000 - 0x00007ffd15ec5000 	C:\WINDOWS\SYSTEM32\WINMM.dll
0x00007ffd29e60000 - 0x00007ffd29e74000 	C:\WINDOWS\SYSTEM32\UMPDC.dll
0x00007ffd28dc0000 - 0x00007ffd28ddb000 	C:\WINDOWS\SYSTEM32\kernel.appcore.dll
0x00007ffd02ef0000 - 0x00007ffd02efa000 	c:\Users\AFTERSHOCK\.vscode\extensions\redhat.java-1.53.0-win32-x64\jre\21.0.10-win32-x86_64\bin\jimage.dll
0x00007ffd15c40000 - 0x00007ffd15e82000 	C:\WINDOWS\SYSTEM32\DBGHELP.DLL
0x00007ffd2be60000 - 0x00007ffd2c1e6000 	C:\WINDOWS\System32\combase.dll
0x00007ffd2c210000 - 0x00007ffd2c2e7000 	C:\WINDOWS\System32\OLEAUT32.dll
0x00007ffd062e0000 - 0x00007ffd0631b000 	C:\WINDOWS\SYSTEM32\dbgcore.DLL
0x00007ffd2a910000 - 0x00007ffd2a9b5000 	C:\WINDOWS\System32\bcryptPrimitives.dll
0x00007ffcfe6f0000 - 0x00007ffcfe6ff000 	c:\Users\AFTERSHOCK\.vscode\extensions\redhat.java-1.53.0-win32-x64\jre\21.0.10-win32-x86_64\bin\instrument.dll
0x00007ffcfabf0000 - 0x00007ffcfac10000 	c:\Users\AFTERSHOCK\.vscode\extensions\redhat.java-1.53.0-win32-x64\jre\21.0.10-win32-x86_64\bin\java.dll
0x00007ffd2c900000 - 0x00007ffd2d052000 	C:\WINDOWS\System32\SHELL32.dll
0x00007ffd2a260000 - 0x00007ffd2a3ca000 	C:\WINDOWS\System32\wintypes.dll
0x00007ffd2a9c0000 - 0x00007ffd2b223000 	C:\WINDOWS\System32\windows.storage.dll
0x00007ffd2d600000 - 0x00007ffd2d6f6000 	C:\WINDOWS\System32\SHCORE.dll
0x00007ffd2b740000 - 0x00007ffd2b7a7000 	C:\WINDOWS\System32\shlwapi.dll
0x00007ffd29f40000 - 0x00007ffd29f69000 	C:\WINDOWS\SYSTEM32\profapi.dll
0x00007ffcebf10000 - 0x00007ffcebf28000 	c:\Users\AFTERSHOCK\.vscode\extensions\redhat.java-1.53.0-win32-x64\jre\21.0.10-win32-x86_64\bin\zip.dll
0x00007ffcfd1c0000 - 0x00007ffcfd1d0000 	C:\Users\AFTERSHOCK\.vscode\extensions\redhat.java-1.53.0-win32-x64\jre\21.0.10-win32-x86_64\bin\net.dll
0x00007ffd22690000 - 0x00007ffd227b7000 	C:\WINDOWS\SYSTEM32\WINHTTP.dll
0x00007ffd29330000 - 0x00007ffd2939b000 	C:\WINDOWS\system32\mswsock.dll
0x00007ffcc90b0000 - 0x00007ffcc90c6000 	C:\Users\AFTERSHOCK\.vscode\extensions\redhat.java-1.53.0-win32-x64\jre\21.0.10-win32-x86_64\bin\nio.dll
0x00007ffcfd0e0000 - 0x00007ffcfd0f0000 	c:\Users\AFTERSHOCK\.vscode\extensions\redhat.java-1.53.0-win32-x64\jre\21.0.10-win32-x86_64\bin\verify.dll
0x00007ffcc94c0000 - 0x00007ffcc9505000 	C:\Users\AFTERSHOCK\AppData\Roaming\Code\User\globalStorage\redhat.java\1.53.0\config_win\org.eclipse.equinox.launcher\org.eclipse.equinox.launcher.win32.win32.x86_64_1.3.0.v20260203-2149\eclipse_11919.dll
0x00007ffd2b5a0000 - 0x00007ffd2b737000 	C:\WINDOWS\System32\ole32.dll
0x00007ffd29600000 - 0x00007ffd2961b000 	C:\WINDOWS\SYSTEM32\CRYPTSP.dll
0x00007ffd28d20000 - 0x00007ffd28d59000 	C:\WINDOWS\system32\rsaenh.dll
0x00007ffd293e0000 - 0x00007ffd2940b000 	C:\WINDOWS\SYSTEM32\USERENV.dll
0x00007ffd29f10000 - 0x00007ffd29f3a000 	C:\WINDOWS\SYSTEM32\bcrypt.dll
0x00007ffd29620000 - 0x00007ffd2962c000 	C:\WINDOWS\SYSTEM32\CRYPTBASE.dll
0x00007ffd287e0000 - 0x00007ffd28814000 	C:\WINDOWS\SYSTEM32\IPHLPAPI.DLL
0x00007ffd2c1f0000 - 0x00007ffd2c1fa000 	C:\WINDOWS\System32\NSI.dll
0x00007ffd04df0000 - 0x00007ffd04e39000 	C:\Users\AFTERSHOCK\AppData\Local\Temp\jna-2045620806\jna15914180762012393313.dll
0x00007ffd2bc90000 - 0x00007ffd2bc98000 	C:\WINDOWS\System32\PSAPI.DLL
0x00007ffd229c0000 - 0x00007ffd229de000 	C:\WINDOWS\SYSTEM32\dhcpcsvc6.DLL
0x00007ffd21fd0000 - 0x00007ffd21ff3000 	C:\WINDOWS\SYSTEM32\dhcpcsvc.DLL

JVMTI agents:
c:\Users\AFTERSHOCK\.vscode\extensions\redhat.java-1.53.0-win32-x64\lombok\lombok-1.18.39-4050.jar path:c:\Users\AFTERSHOCK\.vscode\extensions\redhat.java-1.53.0-win32-x64\jre\21.0.10-win32-x86_64\bin\instrument.dll, loaded, initialized, instrumentlib options:none

dbghelp: loaded successfully - version: 4.0.5 - missing functions: none
symbol engine: initialized successfully - sym options: 0x614 - pdb path: .;c:\Users\AFTERSHOCK\.vscode\extensions\redhat.java-1.53.0-win32-x64\jre\21.0.10-win32-x86_64\bin;C:\WINDOWS\SYSTEM32;C:\WINDOWS\WinSxS\amd64_microsoft.windows.common-controls_6595b64144ccf1df_6.0.26100.7824_none_3e0870b2e3345462;c:\Users\AFTERSHOCK\.vscode\extensions\redhat.java-1.53.0-win32-x64\jre\21.0.10-win32-x86_64\bin\server;C:\Users\AFTERSHOCK\AppData\Roaming\Code\User\globalStorage\redhat.java\1.53.0\config_win\org.eclipse.equinox.launcher\org.eclipse.equinox.launcher.win32.win32.x86_64_1.3.0.v20260203-2149;C:\Users\AFTERSHOCK\AppData\Local\Temp\jna-2045620806

VM Arguments:
jvm_args: --add-modules=ALL-SYSTEM --add-opens=java.base/java.util=ALL-UNNAMED --add-opens=java.base/java.lang=ALL-UNNAMED --add-opens=java.base/sun.nio.fs=ALL-UNNAMED -Declipse.application=org.eclipse.jdt.ls.core.id1 -Dosgi.bundles.defaultStartLevel=4 -Declipse.product=org.eclipse.jdt.ls.core.product -Djava.import.generatesMetadataFilesAtProjectRoot=false -DDetectVMInstallationsJob.disabled=true -Dfile.encoding=utf8 -XX:+UseParallelGC -XX:GCTimeRatio=4 -XX:AdaptiveSizePolicyWeight=90 -Dsun.zip.disableMemoryMapping=true -Xmx2G -Xms100m -Xlog:disable -javaagent:c:\Users\AFTERSHOCK\.vscode\extensions\redhat.java-1.53.0-win32-x64\lombok\lombok-1.18.39-4050.jar -XX:+HeapDumpOnOutOfMemoryError -XX:HeapDumpPath=c:\Users\AFTERSHOCK\AppData\Roaming\Code\User\workspaceStorage\7e6ffaf7e5e36383046316e38c8b3cb9\redhat.java -Daether.dependencyCollector.impl=bf 
java_command: c:\Users\AFTERSHOCK\.vscode\extensions\redhat.java-1.53.0-win32-x64\server\plugins\org.eclipse.equinox.launcher_1.7.100.v20251111-0406.jar -configuration c:\Users\AFTERSHOCK\AppData\Roaming\Code\User\globalStorage\redhat.java\1.53.0\config_win -data c:\Users\AFTERSHOCK\AppData\Roaming\Code\User\workspaceStorage\7e6ffaf7e5e36383046316e38c8b3cb9\redhat.java\jdt_ws --pipe=\\.\pipe\lsp-c6e52d73bcc09df1d044c609c5413bfe-sock
java_class_path (initial): c:\Users\AFTERSHOCK\.vscode\extensions\redhat.java-1.53.0-win32-x64\server\plugins\org.eclipse.equinox.launcher_1.7.100.v20251111-0406.jar
Launcher Type: SUN_STANDARD

[Global flags]
    uintx AdaptiveSizePolicyWeight                 = 90                                        {product} {command line}
     intx CICompilerCount                          = 4                                         {product} {ergonomic}
    uintx GCTimeRatio                              = 4                                         {product} {command line}
     bool HeapDumpOnOutOfMemoryError               = true                                   {manageable} {command line}
    ccstr HeapDumpPath                             = c:\Users\AFTERSHOCK\AppData\Roaming\Code\User\workspaceStorage\7e6ffaf7e5e36383046316e38c8b3cb9\redhat.java         {manageable} {command line}
   size_t InitialHeapSize                          = 104857600                                 {product} {command line}
   size_t MaxHeapSize                              = 2147483648                                {product} {command line}
   size_t MaxNewSize                               = 715653120                                 {product} {ergonomic}
   size_t MinHeapDeltaBytes                        = 524288                                    {product} {ergonomic}
   size_t MinHeapSize                              = 104857600                                 {product} {command line}
   size_t NewSize                                  = 34603008                                  {product} {ergonomic}
    uintx NonNMethodCodeHeapSize                   = 5839372                                {pd product} {ergonomic}
    uintx NonProfiledCodeHeapSize                  = 122909434                              {pd product} {ergonomic}
   size_t OldSize                                  = 70254592                                  {product} {ergonomic}
    uintx ProfiledCodeHeapSize                     = 122909434                              {pd product} {ergonomic}
    uintx ReservedCodeCacheSize                    = 251658240                              {pd product} {ergonomic}
     bool SegmentedCodeCache                       = true                                      {product} {ergonomic}
   size_t SoftMaxHeapSize                          = 2147483648                             {manageable} {ergonomic}
     bool UseCompressedOops                        = true                           {product lp64_product} {ergonomic}
     bool UseLargePagesIndividualAllocation        = false                                  {pd product} {ergonomic}
     bool UseParallelGC                            = true                                      {product} {command line}

Logging:
Log output configuration:
 #0: stdout all=off uptime,level,tags foldmultilines=false
 #1: stderr all=off uptime,level,tags foldmultilines=false

Release file:
JAVA_VERSION="21.0.10" 
MODULES="java.base java.compiler java.datatransfer java.xml java.prefs java.desktop java.instrument java.logging java.management java.security.sasl java.naming java.rmi java.management.rmi java.net.http java.scripting java.security.jgss java.transaction.xa java.sql java.sql.rowset java.xml.crypto java.se java.smartcardio jdk.accessibility jdk.internal.jvmstat jdk.attach jdk.charsets jdk.internal.opt jdk.zipfs jdk.compiler jdk.crypto.ec jdk.crypto.cryptoki jdk.crypto.mscapi jdk.dynalink jdk.internal.ed jdk.editpad jdk.hotspot.agent jdk.httpserver jdk.internal.le jdk.internal.vm.ci jdk.internal.vm.compiler jdk.internal.vm.compiler.management jdk.jartool jdk.javadoc jdk.jcmd jdk.management jdk.management.agent jdk.jconsole jdk.jdeps jdk.jdwp.agent jdk.jdi jdk.jfr jdk.jshell jdk.jsobject jdk.jstatd jdk.localedata jdk.management.jfr jdk.naming.dns jdk.naming.rmi jdk.net jdk.nio.mapmode jdk.random jdk.sctp jdk.security.auth jdk.security.jgss jdk.unsupported jdk.unsupported.desktop jdk.xml.dom" 

Environment Variables:
JAVA_HOME=C:\Program Files\Java\jdk-22.0.2
PATH=C:\Program Files (x86)\VMware\VMware Workstation\bin\;C:\Program Files\Common Files\Oracle\Java\javapath;C:\WINDOWS\system32;C:\WINDOWS;C:\WINDOWS\System32\Wbem;C:\WINDOWS\System32\WindowsPowerShell\v1.0\;C:\WINDOWS\System32\OpenSSH\;C:\Program Files (x86)\Windows Kits\10\Windows Performance Toolkit\;D:\Web lanjut\php-8.4.14-nts-Win32-vs17-x64;C:\ProgramData\ComposerSetup\bin;C:\Program Files\Git\cmd;C:\Users\AFTERSHOCK\AppData\Local\Microsoft\WindowsApps;C:\Users\AFTERSHOCK\AppData\Local\Programs\Microsoft VS Code\bin;C:\Flutter\bin;
USERNAME=AFTERSHOCK
OS=Windows_NT
PROCESSOR_IDENTIFIER=Intel64 Family 6 Model 158 Stepping 10, GenuineIntel
TMP=C:\Users\AFTERS~1\AppData\Local\Temp
TEMP=C:\Users\AFTERS~1\AppData\Local\Temp




Periodic native trim disabled

---------------  S Y S T E M  ---------------

OS:
 Windows 11 , 64 bit Build 26100 (10.0.26100.7705)
OS uptime: 0 days 8:04 hours

CPU: total 12 (initial active 12) (6 cores per cpu, 2 threads per core) family 6 model 158 stepping 10 microcode 0xde, cx8, cmov, fxsr, ht, mmx, 3dnowpref, sse, sse2, sse3, ssse3, sse4.1, sse4.2, popcnt, lzcnt, tsc, tscinvbit, avx, avx2, aes, erms, clmul, bmi1, bmi2, adx, fma, vzeroupper, clflush, clflushopt, rdtscp, f16c
Processor Information for the first 12 processors :
  Max Mhz: 2592, Current Mhz: 2592, Mhz Limit: 2592

Memory: 4k page, system-wide physical 16187M (4984M free)
TotalPageFile size 45152M (AvailPageFile size 61M)
current process WorkingSet (physical memory assigned to process): 40M, peak: 343M
current process commit charge ("private bytes"): 375M, peak: 430M

vm_info: OpenJDK 64-Bit Server VM (21.0.10+7-LTS) for windows-amd64 JRE (21.0.10+7-LTS), built on 2026-01-20T00:00:00Z by "admin" with MS VC++ 17.12 (VS2022)

END.
